<?xml version="1.0" encoding="UTF-8"?>
<coverage generated="1773865877687" clover="3.2.0">
  <project timestamp="1773865877687" name="All files">
    <metrics statements="45" coveredstatements="43" conditionals="51" coveredconditionals="49" methods="3" coveredmethods="3" elements="99" coveredelements="95" complexity="0" loc="45" ncloc="45" packages="1" files="3" classes="3"/>
    <file name="password.ts" path="C:\Users\Musta\Desktop\individual-LeRoiJeanKins\server\src\utils\password.ts">
      <metrics statements="16" coveredstatements="16" conditionals="25" coveredconditionals="25" methods="1" coveredmethods="1"/>
      <line num="1" count="1" type="stmt"/>
      <line num="2" count="13" type="cond" truecount="2" falsecount="0"/>
      <line num="3" count="11" type="cond" truecount="2" falsecount="0"/>
      <line num="4" count="10" type="cond" truecount="2" falsecount="0"/>
      <line num="6" count="9" type="stmt"/>
      <line num="7" count="9" type="stmt"/>
      <line num="8" count="9" type="stmt"/>
      <line num="9" count="9" type="stmt"/>
      <line num="11" count="9" type="cond" truecount="2" falsecount="0"/>
      <line num="13" count="2" type="cond" truecount="2" falsecount="0"/>
      <line num="14" count="1" type="stmt"/>
      <line num="15" count="7" type="cond" truecount="4" falsecount="0"/>
      <line num="17" count="4" type="cond" truecount="5" falsecount="0"/>
      <line num="18" count="2" type="cond" truecount="2" falsecount="0"/>
      <line num="21" count="3" type="cond" truecount="4" falsecount="0"/>
      <line num="24" count="3" type="stmt"/>
    </file>
    <file name="shipping.ts" path="C:\Users\Musta\Desktop\individual-LeRoiJeanKins\server\src\utils\shipping.ts">
      <metrics statements="16" coveredstatements="14" conditionals="14" coveredconditionals="12" methods="1" coveredmethods="1"/>
      <line num="44" count="1" type="stmt"/>
      <line num="50" count="16" type="cond" truecount="1" falsecount="1"/>
      <line num="51" count="0" type="stmt"/>
      <line num="54" count="16" type="cond" truecount="3" falsecount="1"/>
      <line num="55" count="0" type="stmt"/>
      <line num="59" count="16" type="stmt"/>
      <line num="61" count="16" type="cond" truecount="2" falsecount="0"/>
      <line num="62" count="6" type="stmt"/>
      <line num="63" count="10" type="cond" truecount="2" falsecount="0"/>
      <line num="64" count="6" type="stmt"/>
      <line num="66" count="4" type="stmt"/>
      <line num="70" count="16" type="cond" truecount="2" falsecount="0"/>
      <line num="71" count="6" type="stmt"/>
      <line num="75" count="16" type="cond" truecount="2" falsecount="0"/>
      <line num="76" count="5" type="stmt"/>
      <line num="79" count="16" type="stmt"/>
    </file>
    <file name="userValidator.ts" path="C:\Users\Musta\Desktop\individual-LeRoiJeanKins\server\src\utils\userValidator.ts">
      <metrics statements="13" coveredstatements="13" conditionals="12" coveredconditionals="12" methods="1" coveredmethods="1"/>
      <line num="3" count="1" type="stmt"/>
      <line num="4" count="8" type="stmt"/>
      <line num="5" count="8" type="cond" truecount="2" falsecount="0"/>
      <line num="6" count="1" type="stmt"/>
      <line num="9" count="7" type="cond" truecount="2" falsecount="0"/>
      <line num="10" count="1" type="stmt"/>
      <line num="13" count="6" type="cond" truecount="4" falsecount="0"/>
      <line num="14" count="2" type="stmt"/>
      <line num="17" count="4" type="cond" truecount="2" falsecount="0"/>
      <line num="18" count="2" type="cond" truecount="2" falsecount="0"/>
      <line num="19" count="1" type="stmt"/>
      <line num="21" count="1" type="stmt"/>
      <line num="24" count="2" type="stmt"/>
    </file>
  </project>
</coverage>
