{"C:\\Users\\Musta\\Desktop\\individual-LeRoiJeanKins\\server\\src\\utils\\password.ts": {"path":"C:\\Users\\Musta\\Desktop\\individual-LeRoiJeanKins\\server\\src\\utils\\password.ts","statementMap":{"0":{"start":{"line":1,"column":32},"end":{"line":25,"column":1}},"1":{"start":{"line":2,"column":4},"end":{"line":2,"column":27}},"2":{"start":{"line":2,"column":14},"end":{"line":2,"column":27}},"3":{"start":{"line":3,"column":4},"end":{"line":3,"column":37}},"4":{"start":{"line":3,"column":24},"end":{"line":3,"column":37}},"5":{"start":{"line":4,"column":4},"end":{"line":4,"column":38}},"6":{"start":{"line":4,"column":25},"end":{"line":4,"column":38}},"7":{"start":{"line":6,"column":25},"end":{"line":6,"column":42}},"8":{"start":{"line":7,"column":25},"end":{"line":7,"column":42}},"9":{"start":{"line":8,"column":23},"end":{"line":8,"column":40}},"10":{"start":{"line":9,"column":23},"end":{"line":9,"column":47}},"11":{"start":{"line":11,"column":4},"end":{"line":22,"column":5}},"12":{"start":{"line":13,"column":8},"end":{"line":13,"column":40}},"13":{"start":{"line":13,"column":27},"end":{"line":13,"column":40}},"14":{"start":{"line":14,"column":8},"end":{"line":14,"column":20}},"15":{"start":{"line":15,"column":11},"end":{"line":22,"column":5}},"16":{"start":{"line":17,"column":8},"end":{"line":17,"column":72}},"17":{"start":{"line":17,"column":59},"end":{"line":17,"column":72}},"18":{"start":{"line":18,"column":8},"end":{"line":18,"column":38}},"19":{"start":{"line":18,"column":25},"end":{"line":18,"column":38}},"20":{"start":{"line":21,"column":8},"end":{"line":21,"column":55}},"21":{"start":{"line":21,"column":42},"end":{"line":21,"column":55}},"22":{"start":{"line":24,"column":4},"end":{"line":24,"column":16}},"23":{"start":{"line":1,"column":13},"end":{"line":1,"column":32}}},"fnMap":{"0":{"name":"(anonymous_0)","decl":{"start":{"line":1,"column":32},"end":{"line":1,"column":33}},"loc":{"start":{"line":1,"column":74},"end":{"line":25,"column":1}}}},"branchMap":{"0":{"loc":{"start":{"line":2,"column":4},"end":{"line":2,"column":27}},"type":"if","locations":[{"start":{"line":2,"column":4},"end":{"line":2,"column":27}},{"start":{},"end":{}}]},"1":{"loc":{"start":{"line":3,"column":4},"end":{"line":3,"column":37}},"type":"if","locations":[{"start":{"line":3,"column":4},"end":{"line":3,"column":37}},{"start":{},"end":{}}]},"2":{"loc":{"start":{"line":4,"column":4},"end":{"line":4,"column":38}},"type":"if","locations":[{"start":{"line":4,"column":4},"end":{"line":4,"column":38}},{"start":{},"end":{}}]},"3":{"loc":{"start":{"line":11,"column":4},"end":{"line":22,"column":5}},"type":"if","locations":[{"start":{"line":11,"column":4},"end":{"line":22,"column":5}},{"start":{"line":15,"column":11},"end":{"line":22,"column":5}}]},"4":{"loc":{"start":{"line":13,"column":8},"end":{"line":13,"column":40}},"type":"if","locations":[{"start":{"line":13,"column":8},"end":{"line":13,"column":40}},{"start":{},"end":{}}]},"5":{"loc":{"start":{"line":15,"column":11},"end":{"line":22,"column":5}},"type":"if","locations":[{"start":{"line":15,"column":11},"end":{"line":22,"column":5}},{"start":{"line":19,"column":11},"end":{"line":22,"column":5}}]},"6":{"loc":{"start":{"line":15,"column":15},"end":{"line":15,"column":44}},"type":"binary-expr","locations":[{"start":{"line":15,"column":15},"end":{"line":15,"column":28}},{"start":{"line":15,"column":32},"end":{"line":15,"column":44}}]},"7":{"loc":{"start":{"line":17,"column":8},"end":{"line":17,"column":72}},"type":"if","locations":[{"start":{"line":17,"column":8},"end":{"line":17,"column":72}},{"start":{},"end":{}}]},"8":{"loc":{"start":{"line":17,"column":12},"end":{"line":17,"column":57}},"type":"binary-expr","locations":[{"start":{"line":17,"column":12},"end":{"line":17,"column":25}},{"start":{"line":17,"column":29},"end":{"line":17,"column":42}},{"start":{"line":17,"column":46},"end":{"line":17,"column":57}}]},"9":{"loc":{"start":{"line":18,"column":8},"end":{"line":18,"column":38}},"type":"if","locations":[{"start":{"line":18,"column":8},"end":{"line":18,"column":38}},{"start":{},"end":{}}]},"10":{"loc":{"start":{"line":21,"column":8},"end":{"line":21,"column":55}},"type":"if","locations":[{"start":{"line":21,"column":8},"end":{"line":21,"column":55}},{"start":{},"end":{}}]},"11":{"loc":{"start":{"line":21,"column":12},"end":{"line":21,"column":40}},"type":"binary-expr","locations":[{"start":{"line":21,"column":12},"end":{"line":21,"column":23}},{"start":{"line":21,"column":27},"end":{"line":21,"column":40}}]}},"s":{"0":1,"1":13,"2":2,"3":11,"4":1,"5":10,"6":1,"7":9,"8":9,"9":9,"10":9,"11":9,"12":2,"13":1,"14":1,"15":7,"16":4,"17":2,"18":2,"19":1,"20":3,"21":1,"22":3,"23":1},"f":{"0":13},"b":{"0":[2,11],"1":[1,10],"2":[1,9],"3":[2,7],"4":[1,1],"5":[4,3],"6":[7,7],"7":[2,2],"8":[4,3,3],"9":[1,1],"10":[1,2],"11":[3,2]}}
,"C:\\Users\\Musta\\Desktop\\individual-LeRoiJeanKins\\server\\src\\utils\\shipping.ts": {"path":"C:\\Users\\Musta\\Desktop\\individual-LeRoiJeanKins\\server\\src\\utils\\shipping.ts","statementMap":{"0":{"start":{"line":44,"column":0},"end":{"line":44,"column":16}},"1":{"start":{"line":50,"column":4},"end":{"line":52,"column":5}},"2":{"start":{"line":51,"column":8},"end":{"line":51,"column":44}},"3":{"start":{"line":54,"column":4},"end":{"line":56,"column":5}},"4":{"start":{"line":55,"column":8},"end":{"line":55,"column":42}},"5":{"start":{"line":59,"column":16},"end":{"line":59,"column":17}},"6":{"start":{"line":61,"column":4},"end":{"line":67,"column":5}},"7":{"start":{"line":62,"column":8},"end":{"line":62,"column":19}},"8":{"start":{"line":63,"column":11},"end":{"line":67,"column":5}},"9":{"start":{"line":64,"column":8},"end":{"line":64,"column":19}},"10":{"start":{"line":66,"column":8},"end":{"line":66,"column":19}},"11":{"start":{"line":70,"column":4},"end":{"line":72,"column":5}},"12":{"start":{"line":71,"column":8},"end":{"line":71,"column":28}},"13":{"start":{"line":75,"column":4},"end":{"line":77,"column":5}},"14":{"start":{"line":76,"column":8},"end":{"line":76,"column":26}},"15":{"start":{"line":79,"column":4},"end":{"line":79,"column":17}}},"fnMap":{"0":{"name":"calculateShipping","decl":{"start":{"line":44,"column":16},"end":{"line":44,"column":33}},"loc":{"start":{"line":47,"column":32},"end":{"line":80,"column":1}}}},"branchMap":{"0":{"loc":{"start":{"line":50,"column":4},"end":{"line":52,"column":5}},"type":"if","locations":[{"start":{"line":50,"column":4},"end":{"line":52,"column":5}},{"start":{},"end":{}}]},"1":{"loc":{"start":{"line":54,"column":4},"end":{"line":56,"column":5}},"type":"if","locations":[{"start":{"line":54,"column":4},"end":{"line":56,"column":5}},{"start":{},"end":{}}]},"2":{"loc":{"start":{"line":54,"column":8},"end":{"line":54,"column":34}},"type":"binary-expr","locations":[{"start":{"line":54,"column":8},"end":{"line":54,"column":19}},{"start":{"line":54,"column":23},"end":{"line":54,"column":34}}]},"3":{"loc":{"start":{"line":61,"column":4},"end":{"line":67,"column":5}},"type":"if","locations":[{"start":{"line":61,"column":4},"end":{"line":67,"column":5}},{"start":{"line":63,"column":11},"end":{"line":67,"column":5}}]},"4":{"loc":{"start":{"line":63,"column":11},"end":{"line":67,"column":5}},"type":"if","locations":[{"start":{"line":63,"column":11},"end":{"line":67,"column":5}},{"start":{"line":65,"column":11},"end":{"line":67,"column":5}}]},"5":{"loc":{"start":{"line":70,"column":4},"end":{"line":72,"column":5}},"type":"if","locations":[{"start":{"line":70,"column":4},"end":{"line":72,"column":5}},{"start":{},"end":{}}]},"6":{"loc":{"start":{"line":75,"column":4},"end":{"line":77,"column":5}},"type":"if","locations":[{"start":{"line":75,"column":4},"end":{"line":77,"column":5}},{"start":{},"end":{}}]}},"s":{"0":1,"1":16,"2":0,"3":16,"4":0,"5":16,"6":16,"7":6,"8":10,"9":6,"10":4,"11":16,"12":6,"13":16,"14":5,"15":16},"f":{"0":16},"b":{"0":[0,16],"1":[0,16],"2":[16,16],"3":[6,10],"4":[6,4],"5":[6,10],"6":[5,11]}}
,"C:\\Users\\Musta\\Desktop\\individual-LeRoiJeanKins\\server\\src\\utils\\userValidator.ts": {"path":"C:\\Users\\Musta\\Desktop\\individual-LeRoiJeanKins\\server\\src\\utils\\userValidator.ts","statementMap":{"0":{"start":{"line":3,"column":0},"end":{"line":3,"column":16}},"1":{"start":{"line":4,"column":36},"end":{"line":4,"column":66}},"2":{"start":{"line":5,"column":4},"end":{"line":7,"column":5}},"3":{"start":{"line":6,"column":8},"end":{"line":6,"column":41}},"4":{"start":{"line":9,"column":4},"end":{"line":11,"column":5}},"5":{"start":{"line":10,"column":8},"end":{"line":10,"column":40}},"6":{"start":{"line":13,"column":4},"end":{"line":15,"column":5}},"7":{"start":{"line":14,"column":8},"end":{"line":14,"column":21}},"8":{"start":{"line":17,"column":4},"end":{"line":22,"column":5}},"9":{"start":{"line":18,"column":8},"end":{"line":20,"column":9}},"10":{"start":{"line":19,"column":12},"end":{"line":19,"column":24}},"11":{"start":{"line":21,"column":8},"end":{"line":21,"column":21}},"12":{"start":{"line":24,"column":4},"end":{"line":24,"column":16}}},"fnMap":{"0":{"name":"validateUserRegistration","decl":{"start":{"line":3,"column":16},"end":{"line":3,"column":40}},"loc":{"start":{"line":3,"column":81},"end":{"line":25,"column":1}}}},"branchMap":{"0":{"loc":{"start":{"line":5,"column":4},"end":{"line":7,"column":5}},"type":"if","locations":[{"start":{"line":5,"column":4},"end":{"line":7,"column":5}},{"start":{},"end":{}}]},"1":{"loc":{"start":{"line":9,"column":4},"end":{"line":11,"column":5}},"type":"if","locations":[{"start":{"line":9,"column":4},"end":{"line":11,"column":5}},{"start":{},"end":{}}]},"2":{"loc":{"start":{"line":13,"column":4},"end":{"line":15,"column":5}},"type":"if","locations":[{"start":{"line":13,"column":4},"end":{"line":15,"column":5}},{"start":{},"end":{}}]},"3":{"loc":{"start":{"line":13,"column":8},"end":{"line":13,"column":52}},"type":"binary-expr","locations":[{"start":{"line":13,"column":8},"end":{"line":13,"column":28}},{"start":{"line":13,"column":32},"end":{"line":13,"column":52}}]},"4":{"loc":{"start":{"line":17,"column":4},"end":{"line":22,"column":5}},"type":"if","locations":[{"start":{"line":17,"column":4},"end":{"line":22,"column":5}},{"start":{},"end":{}}]},"5":{"loc":{"start":{"line":18,"column":8},"end":{"line":20,"column":9}},"type":"if","locations":[{"start":{"line":18,"column":8},"end":{"line":20,"column":9}},{"start":{},"end":{}}]}},"s":{"0":1,"1":8,"2":8,"3":1,"4":7,"5":1,"6":6,"7":2,"8":4,"9":2,"10":1,"11":1,"12":2},"f":{"0":8},"b":{"0":[1,7],"1":[1,6],"2":[2,4],"3":[6,5],"4":[2,2],"5":[1,1]}}
}
