TN:
SF:server\src\utils\password.ts
FN:1,(anonymous_0)
FNF:1
FNH:1
FNDA:13,(anonymous_0)
DA:1,1
DA:2,13
DA:3,11
DA:4,10
DA:6,9
DA:7,9
DA:8,9
DA:9,9
DA:11,9
DA:13,2
DA:14,1
DA:15,7
DA:17,4
DA:18,2
DA:21,3
DA:24,3
LF:16
LH:16
BRDA:2,0,0,2
BRDA:2,0,1,11
BRDA:3,1,0,1
BRDA:3,1,1,10
BRDA:4,2,0,1
BRDA:4,2,1,9
BRDA:11,3,0,2
BRDA:11,3,1,7
BRDA:13,4,0,1
BRDA:13,4,1,1
BRDA:15,5,0,4
BRDA:15,5,1,3
BRDA:15,6,0,7
BRDA:15,6,1,7
BRDA:17,7,0,2
BRDA:17,7,1,2
BRDA:17,8,0,4
BRDA:17,8,1,3
BRDA:17,8,2,3
BRDA:18,9,0,1
BRDA:18,9,1,1
BRDA:21,10,0,1
BRDA:21,10,1,2
BRDA:21,11,0,3
BRDA:21,11,1,2
BRF:25
BRH:25
end_of_record
TN:
SF:server\src\utils\shipping.ts
FN:44,calculateShipping
FNF:1
FNH:1
FNDA:16,calculateShipping
DA:44,1
DA:50,16
DA:51,0
DA:54,16
DA:55,0
DA:59,16
DA:61,16
DA:62,6
DA:63,10
DA:64,6
DA:66,4
DA:70,16
DA:71,6
DA:75,16
DA:76,5
DA:79,16
LF:16
LH:14
BRDA:50,0,0,0
BRDA:50,0,1,16
BRDA:54,1,0,0
BRDA:54,1,1,16
BRDA:54,2,0,16
BRDA:54,2,1,16
BRDA:61,3,0,6
BRDA:61,3,1,10
BRDA:63,4,0,6
BRDA:63,4,1,4
BRDA:70,5,0,6
BRDA:70,5,1,10
BRDA:75,6,0,5
BRDA:75,6,1,11
BRF:14
BRH:12
end_of_record
TN:
SF:server\src\utils\userValidator.ts
FN:3,validateUserRegistration
FNF:1
FNH:1
FNDA:8,validateUserRegistration
DA:3,1
DA:4,8
DA:5,8
DA:6,1
DA:9,7
DA:10,1
DA:13,6
DA:14,2
DA:17,4
DA:18,2
DA:19,1
DA:21,1
DA:24,2
LF:13
LH:13
BRDA:5,0,0,1
BRDA:5,0,1,7
BRDA:9,1,0,1
BRDA:9,1,1,6
BRDA:13,2,0,2
BRDA:13,2,1,4
BRDA:13,3,0,6
BRDA:13,3,1,5
BRDA:17,4,0,2
BRDA:17,4,1,2
BRDA:18,5,0,1
BRDA:18,5,1,1
BRF:12
BRH:12
end_of_record
